Using pre-set license
Built from '2021.3/staging' branch; Version is '2021.3.24f1 (cf10dcf7010d) revision 13570268'; Using compiler version '192829333'; Build Type 'Release'
OS: 'Windows 11  (10.0.22621) 64bit CoreSingleLanguage' Language: 'ru' Physical Memory: 32706 MB
BatchMode: 1, IsHumanControllingUs: 0, StartBugReporterOnCrash: 0, Is64bit: 1, IsPro: 1

COMMAND LINE ARGUMENTS:
C:\Program Files\Unity\Hub\Editor\2021.3.24f1\Editor\Unity.exe
-adb2
-batchMode
-noUpm
-name
AssetImportWorker0
-projectPath
D:/the forester's escape/the forester's escape
-logFile
Logs/AssetImportWorker0.log
-srvPort
56769
Successfully changed project path to: D:/the forester's escape/the forester's escape
D:/the forester's escape/the forester's escape
[UnityMemory] Configuration Parameters - Can be set up in boot.config
    "memorysetup-bucket-allocator-granularity=16"
    "memorysetup-bucket-allocator-bucket-count=8"
    "memorysetup-bucket-allocator-block-size=33554432"
    "memorysetup-bucket-allocator-block-count=8"
    "memorysetup-main-allocator-block-size=16777216"
    "memorysetup-thread-allocator-block-size=16777216"
    "memorysetup-gfx-main-allocator-block-size=16777216"
    "memorysetup-gfx-thread-allocator-block-size=16777216"
    "memorysetup-cache-allocator-block-size=4194304"
    "memorysetup-typetree-allocator-block-size=2097152"
    "memorysetup-profiler-bucket-allocator-granularity=16"
    "memorysetup-profiler-bucket-allocator-bucket-count=8"
    "memorysetup-profiler-bucket-allocator-block-size=33554432"
    "memorysetup-profiler-bucket-allocator-block-count=8"
    "memorysetup-profiler-allocator-block-size=16777216"
    "memorysetup-profiler-editor-allocator-block-size=1048576"
    "memorysetup-temp-allocator-size-main=16777216"
    "memorysetup-job-temp-allocator-block-size=2097152"
    "memorysetup-job-temp-allocator-block-size-background=1048576"
    "memorysetup-job-temp-allocator-reduction-small-platforms=262144"
    "memorysetup-temp-allocator-size-background-worker=32768"
    "memorysetup-temp-allocator-size-job-worker=262144"
    "memorysetup-temp-allocator-size-preload-manager=33554432"
    "memorysetup-temp-allocator-size-nav-mesh-worker=65536"
    "memorysetup-temp-allocator-size-audio-worker=65536"
    "memorysetup-temp-allocator-size-cloud-worker=32768"
    "memorysetup-temp-allocator-size-gi-baking-worker=262144"
    "memorysetup-temp-allocator-size-gfx=262144"
Player connection [21652] Host "[IP] 192.168.0.13 [Port] 0 [Flags] 2 [Guid] 3529029555 [EditorId] 3529029555 [Version] 1048832 [Id] WindowsEditor(7,DESKTOP-EKU4RBF) [Debug] 1 [PackageName] WindowsEditor [ProjectName] Editor" joined multi-casting on [225.0.0.222:54997]...

Player connection [21652] Host "[IP] 192.168.0.13 [Port] 0 [Flags] 2 [Guid] 3529029555 [EditorId] 3529029555 [Version] 1048832 [Id] WindowsEditor(7,DESKTOP-EKU4RBF) [Debug] 1 [PackageName] WindowsEditor [ProjectName] Editor" joined alternative multi-casting on [225.0.0.222:34997]...

Refreshing native plugins compatible for Editor in 113.37 ms, found 4 plugins.
Preloading 0 native plugins for Editor in 0.00 ms.
Initialize engine version: 2021.3.24f1 (cf10dcf7010d)
[Subsystems] Discovering subsystems at path C:/Program Files/Unity/Hub/Editor/2021.3.24f1/Editor/Data/Resources/UnitySubsystems
[Subsystems] Discovering subsystems at path D:/the forester's escape/the forester's escape/Assets
GfxDevice: creating device client; threaded=0; jobified=0
Direct3D:
    Version:  Direct3D 11.0 [level 11.1]
    Renderer: NVIDIA GeForce RTX 2060 (ID=0x1f08)
    Vendor:   NVIDIA
    VRAM:     5968 MB
    Driver:   31.0.15.3141
Initialize mono
Mono path[0] = 'C:/Program Files/Unity/Hub/Editor/2021.3.24f1/Editor/Data/Managed'
Mono path[1] = 'C:/Program Files/Unity/Hub/Editor/2021.3.24f1/Editor/Data/MonoBleedingEdge/lib/mono/unityjit-win32'
Mono config path = 'C:/Program Files/Unity/Hub/Editor/2021.3.24f1/Editor/Data/MonoBleedingEdge/etc'
Using monoOptions --debugger-agent=transport=dt_socket,embedding=1,server=y,suspend=n,address=127.0.0.1:56980
Begin MonoManager ReloadAssembly
Registering precompiled unity dll's ...
Register platform support module: C:/Program Files/Unity/Hub/Editor/2021.3.24f1/Editor/Data/PlaybackEngines/AndroidPlayer/UnityEditor.Android.Extensions.dll
Register platform support module: C:/Program Files/Unity/Hub/Editor/2021.3.24f1/Editor/Data/PlaybackEngines/WindowsStandaloneSupport/UnityEditor.WindowsStandalone.Extensions.dll
Registered in 0.005478 seconds.
Native extension for WindowsStandalone target not found
Native extension for Android target not found
Android Extension - Scanning For ADB Devices 200 ms
Refreshing native plugins compatible for Editor in 102.62 ms, found 4 plugins.
Preloading 0 native plugins for Editor in 0.00 ms.
Mono: successfully reloaded assembly
- Completed reload, in  0.892 seconds
Domain Reload Profiling:
	ReloadAssembly (893ms)
		BeginReloadAssembly (95ms)
			ExecutionOrderSort (0ms)
			DisableScriptedObjects (0ms)
			BackupInstance (0ms)
			ReleaseScriptingObjects (0ms)
			CreateAndSetChildDomain (1ms)
		EndReloadAssembly (702ms)
			LoadAssemblies (93ms)
			RebuildTransferFunctionScriptingTraits (0ms)
			SetupTypeCache (117ms)
			ReleaseScriptCaches (0ms)
			RebuildScriptCaches (27ms)
			SetupLoadedEditorAssemblies (509ms)
				LogAssemblyErrors (0ms)
				InitializePlatformSupportModulesInManaged (260ms)
				SetLoadedEditorAssemblies (0ms)
				RefreshPlugins (103ms)
				BeforeProcessingInitializeOnLoad (1ms)
				ProcessInitializeOnLoadAttributes (102ms)
				ProcessInitializeOnLoadMethodAttributes (42ms)
				AfterProcessingInitializeOnLoad (0ms)
				EditorAssembliesLoaded (0ms)
			ExecutionOrderSort2 (0ms)
			AwakeInstancesAfterBackupRestoration (0ms)
Platform modules already initialized, skipping
Registering precompiled user dll's ...
Registered in 0.005224 seconds.
Begin MonoManager ReloadAssembly
Symbol file LoadedFromMemory doesn't match image D:\the forester's escape\the forester's escape\Library\PackageCache\com.unity.visualscripting@1.8.0\Editor\VisualScripting.Core\Dependencies\YamlDotNet\Unity.VisualScripting.YamlDotNet.dll
Symbol file LoadedFromMemory doesn't match image D:\the forester's escape\the forester's escape\Library\PackageCache\com.unity.visualscripting@1.8.0\Editor\VisualScripting.Core\Dependencies\DotNetZip\Unity.VisualScripting.IonicZip.dll
Native extension for WindowsStandalone target not found
Native extension for Android target not found
Refreshing native plugins compatible for Editor in 103.55 ms, found 4 plugins.
Preloading 0 native plugins for Editor in 0.00 ms.
Mono: successfully reloaded assembly
- Completed reload, in  1.406 seconds
Domain Reload Profiling:
	ReloadAssembly (1407ms)
		BeginReloadAssembly (110ms)
			ExecutionOrderSort (0ms)
			DisableScriptedObjects (6ms)
			BackupInstance (0ms)
			ReleaseScriptingObjects (0ms)
			CreateAndSetChildDomain (19ms)
		EndReloadAssembly (1183ms)
			LoadAssemblies (88ms)
			RebuildTransferFunctionScriptingTraits (0ms)
			SetupTypeCache (287ms)
			ReleaseScriptCaches (1ms)
			RebuildScriptCaches (97ms)
			SetupLoadedEditorAssemblies (635ms)
				LogAssemblyErrors (0ms)
				InitializePlatformSupportModulesInManaged (15ms)
				SetLoadedEditorAssemblies (0ms)
				RefreshPlugins (104ms)
				BeforeProcessingInitializeOnLoad (125ms)
				ProcessInitializeOnLoadAttributes (291ms)
				ProcessInitializeOnLoadMethodAttributes (93ms)
				AfterProcessingInitializeOnLoad (7ms)
				EditorAssembliesLoaded (0ms)
			ExecutionOrderSort2 (0ms)
			AwakeInstancesAfterBackupRestoration (5ms)
Platform modules already initialized, skipping
========================================================================
Worker process is ready to serve import requests
Launched and connected shader compiler UnityShaderCompiler.exe after 0.04 seconds
Refreshing native plugins compatible for Editor in 0.80 ms, found 4 plugins.
Preloading 0 native plugins for Editor in 0.00 ms.
Unloading 5245 Unused Serialized files (Serialized files now loaded: 0)
Unloading 40 unused Assets / (0.7 MB). Loaded Objects now: 5703.
Memory consumption went from 209.6 MB to 208.8 MB.
Total: 3.564000 ms (FindLiveObjects: 0.413600 ms CreateObjectMapping: 0.338000 ms MarkObjects: 2.539900 ms  DeleteObjects: 0.271800 ms)

AssetImportParameters requested are different than current active one (requested -> active):
  custom:video-decoder-ogg-theora: a1e56fd34408186e4bbccfd4996cb3dc -> 
  custom:container-muxer-webm: aa71ff27fc2769a1b78a27578f13a17b -> 
  custom:container-demuxer-webm: 4f35f7cbe854078d1ac9338744f61a02 -> 
  custom:video-encoder-webm-vp8: eb34c28f22e8b96e1ab97ce403110664 -> 
  custom:video-codec-MediaFoundation-h265: 746d11721c4dcdbdad8f713fa42b33f4 -> 
  custom:audio-encoder-webm-vorbis: bf7c407c2cedff20999df2af8eb42d56 -> 
  custom:framework-win-MediaFoundation: 216162199b28c13a410421893ffa2e32 -> 
  custom:container-demuxer-ogg: 62fdf1f143b41e24485cea50d1cbac27 -> 
  custom:video-decoder-webm-vp8: 9c59270c3fd7afecdb556c50c9e8de78 -> 
  custom:audio-decoder-ogg-vorbis: bf7c407c2cedff20999df2af8eb42d56 -> 
========================================================================
Received Import Request.
  Time since last request: 2859072.019472 seconds.
  path: Assets/sprites/column.png
  artifactKey: Guid(4fe3ac0e2dcf0414fa53a85dbb14b811) Importer(815301076,1909f56bfc062723c751e8b465ee728b)
Start importing Assets/sprites/column.png using Guid(4fe3ac0e2dcf0414fa53a85dbb14b811) Importer(815301076,1909f56bfc062723c751e8b465ee728b)  -> (artifact id: '25e8070234a3415cec6de103e60b86d4') in 0.121657 seconds 
========================================================================
Received Import Request.
  Time since last request: 0.000019 seconds.
  path: Assets/sprites/player.png
  artifactKey: Guid(87e0f49712279bc4d840630477df093b) Importer(815301076,1909f56bfc062723c751e8b465ee728b)
Start importing Assets/sprites/player.png using Guid(87e0f49712279bc4d840630477df093b) Importer(815301076,1909f56bfc062723c751e8b465ee728b)  -> (artifact id: '5864713eae4a61d7e1753df9db7b0363') in 0.011429 seconds 
========================================================================
Received Import Request.
  Time since last request: 0.000016 seconds.
  path: Assets/sprites/Leaves 4.png
  artifactKey: Guid(109843c0125611d448d066e6031a2562) Importer(815301076,1909f56bfc062723c751e8b465ee728b)
Start importing Assets/sprites/Leaves 4.png using Guid(109843c0125611d448d066e6031a2562) Importer(815301076,1909f56bfc062723c751e8b465ee728b)  -> (artifact id: 'd37f1747734c11fd5d32e2abc84217b9') in 0.012816 seconds 
========================================================================
Received Import Request.
  Time since last request: 0.000018 seconds.
  path: Assets/sprites/bg for game 1.png
  artifactKey: Guid(50f5a9819d8624649b3b5d58631de55d) Importer(815301076,1909f56bfc062723c751e8b465ee728b)
Start importing Assets/sprites/bg for game 1.png using Guid(50f5a9819d8624649b3b5d58631de55d) Importer(815301076,1909f56bfc062723c751e8b465ee728b)  -> (artifact id: '7d306158c0c9129685f5320ca48616e1') in 0.014618 seconds 
========================================================================
Received Import Request.
  Time since last request: 0.000019 seconds.
  path: Assets/sprites/anim step 5.png
  artifactKey: Guid(96a0c904dc27598439dab5824386a4f0) Importer(815301076,1909f56bfc062723c751e8b465ee728b)
Start importing Assets/sprites/anim step 5.png using Guid(96a0c904dc27598439dab5824386a4f0) Importer(815301076,1909f56bfc062723c751e8b465ee728b)  -> (artifact id: 'd088721daa966b979e3bc451f997b9b0') in 0.012898 seconds 
========================================================================
Received Import Request.
  Time since last request: 0.000014 seconds.
  path: Assets/sprites/background underthefloor.png
  artifactKey: Guid(8c46db692c923d9429478086ece83549) Importer(815301076,1909f56bfc062723c751e8b465ee728b)
Start importing Assets/sprites/background underthefloor.png using Guid(8c46db692c923d9429478086ece83549) Importer(815301076,1909f56bfc062723c751e8b465ee728b)  -> (artifact id: '41e8f9ef9dfc4d31361f18018eae244f') in 0.011588 seconds 
========================================================================
Received Import Request.
  Time since last request: 0.000020 seconds.
  path: Assets/sprites/anim step 4 player.png
  artifactKey: Guid(e7025afb69a6ee4448a166a148a886fc) Importer(815301076,1909f56bfc062723c751e8b465ee728b)
Start importing Assets/sprites/anim step 4 player.png using Guid(e7025afb69a6ee4448a166a148a886fc) Importer(815301076,1909f56bfc062723c751e8b465ee728b)  -> (artifact id: 'cac4d30ae1fea5be80308c9158154bb7') in 0.014021 seconds 
========================================================================
Received Import Request.
  Time since last request: 0.000027 seconds.
  path: Assets/sprites/house inside.png
  artifactKey: Guid(31f7d4455a5446b45a647f2126f19038) Importer(815301076,1909f56bfc062723c751e8b465ee728b)
Start importing Assets/sprites/house inside.png using Guid(31f7d4455a5446b45a647f2126f19038) Importer(815301076,1909f56bfc062723c751e8b465ee728b)  -> (artifact id: '4520317a79a23185dde789d336eb30b8') in 0.012895 seconds 
========================================================================
Received Import Request.
  Time since last request: 0.000017 seconds.
  path: Assets/sprites/anim step 6.png
  artifactKey: Guid(536aad244c3dbdd45ae85306859ee322) Importer(815301076,1909f56bfc062723c751e8b465ee728b)
Start importing Assets/sprites/anim step 6.png using Guid(536aad244c3dbdd45ae85306859ee322) Importer(815301076,1909f56bfc062723c751e8b465ee728b)  -> (artifact id: '7cc50c0f6964b7f7bd41bb93bcf06b87') in 0.013047 seconds 
========================================================================
Received Import Request.
  Time since last request: 0.000017 seconds.
  path: Assets/sprites/platform decoration.png
  artifactKey: Guid(0af515b3be0f6b3449584110925afb97) Importer(815301076,1909f56bfc062723c751e8b465ee728b)
Start importing Assets/sprites/platform decoration.png using Guid(0af515b3be0f6b3449584110925afb97) Importer(815301076,1909f56bfc062723c751e8b465ee728b)  -> (artifact id: '09a52e13c4beb6472633def10861925d') in 0.012151 seconds 
========================================================================
Received Import Request.
  Time since last request: 0.000017 seconds.
  path: Assets/sprites/Leaves1.png
  artifactKey: Guid(ba92afb03dfbe4c4097ab6759c99f21b) Importer(815301076,1909f56bfc062723c751e8b465ee728b)
Start importing Assets/sprites/Leaves1.png using Guid(ba92afb03dfbe4c4097ab6759c99f21b) Importer(815301076,1909f56bfc062723c751e8b465ee728b)  -> (artifact id: '5caacbcf1c1a6fab025e1a76970368ee') in 0.014117 seconds 
========================================================================
Received Import Request.
  Time since last request: 0.000019 seconds.
  path: Assets/sprites/shadow in the house.png
  artifactKey: Guid(2b3349e21eb72024ab522f9d601c1889) Importer(815301076,1909f56bfc062723c751e8b465ee728b)
Start importing Assets/sprites/shadow in the house.png using Guid(2b3349e21eb72024ab522f9d601c1889) Importer(815301076,1909f56bfc062723c751e8b465ee728b)  -> (artifact id: 'c225d31a7ec315e2f02d0055afbbd2e2') in 0.015049 seconds 
========================================================================
Received Import Request.
  Time since last request: 0.000018 seconds.
  path: Assets/sprites/фон для опушки.png
  artifactKey: Guid(090db41e058306a4baa01bb30ce30e5f) Importer(815301076,1909f56bfc062723c751e8b465ee728b)
Start importing Assets/sprites/фон для опушки.png using Guid(090db41e058306a4baa01bb30ce30e5f) Importer(815301076,1909f56bfc062723c751e8b465ee728b)  -> (artifact id: '0e434a30ff779ea08cc49b230078dc83') in 0.018401 seconds 
========================================================================
Received Import Request.
  Time since last request: 0.000024 seconds.
  path: Assets/sprites/leaf.png
  artifactKey: Guid(b48b1796920cef544adfa0c1c7b64598) Importer(815301076,1909f56bfc062723c751e8b465ee728b)
Start importing Assets/sprites/leaf.png using Guid(b48b1796920cef544adfa0c1c7b64598) Importer(815301076,1909f56bfc062723c751e8b465ee728b)  -> (artifact id: '099f611b52d6666418f3f4dcbc587d38') in 0.019093 seconds 
========================================================================
Received Import Request.
  Time since last request: 0.000020 seconds.
  path: Assets/sprites/Leaves 2.png
  artifactKey: Guid(f9043fb35a70f2144adc1f3935e089e8) Importer(815301076,1909f56bfc062723c751e8b465ee728b)
Start importing Assets/sprites/Leaves 2.png using Guid(f9043fb35a70f2144adc1f3935e089e8) Importer(815301076,1909f56bfc062723c751e8b465ee728b)  -> (artifact id: 'e5b04b88a9655aadbd7a5813b0518fee') in 0.013646 seconds 
========================================================================
Received Import Request.
  Time since last request: 0.000019 seconds.
  path: Assets/sprites/cloud2.png
  artifactKey: Guid(2e15a2c97b325514882c7bfb7cd3e7ee) Importer(815301076,1909f56bfc062723c751e8b465ee728b)
Start importing Assets/sprites/cloud2.png using Guid(2e15a2c97b325514882c7bfb7cd3e7ee) Importer(815301076,1909f56bfc062723c751e8b465ee728b)  -> (artifact id: 'ad3e3c1d736466e5c67de4551e06bc32') in 0.015552 seconds 
========================================================================
Received Import Request.
  Time since last request: 0.000021 seconds.
  path: Assets/sprites/playerjump.png
  artifactKey: Guid(e0d50ad55cefdc146be643f63941b313) Importer(815301076,1909f56bfc062723c751e8b465ee728b)
Start importing Assets/sprites/playerjump.png using Guid(e0d50ad55cefdc146be643f63941b313) Importer(815301076,1909f56bfc062723c751e8b465ee728b)  -> (artifact id: '1db7b7e8b5a06d32268d22933745506d') in 0.018459 seconds 
========================================================================
Received Import Request.
  Time since last request: 0.000033 seconds.
  path: Assets/sprites/anim step 4.png
  artifactKey: Guid(5e802926e41b17a46bb99334aeae98d9) Importer(815301076,1909f56bfc062723c751e8b465ee728b)
Start importing Assets/sprites/anim step 4.png using Guid(5e802926e41b17a46bb99334aeae98d9) Importer(815301076,1909f56bfc062723c751e8b465ee728b)  -> (artifact id: '808c5608f5c6b9e40a83ba85af351886') in 0.018662 seconds 
========================================================================
Received Import Request.
  Time since last request: 0.000021 seconds.
  path: Assets/sprites/floor.png
  artifactKey: Guid(10965f4ef800952469f44165662a4186) Importer(815301076,1909f56bfc062723c751e8b465ee728b)
Start importing Assets/sprites/floor.png using Guid(10965f4ef800952469f44165662a4186) Importer(815301076,1909f56bfc062723c751e8b465ee728b)  -> (artifact id: 'd7ef5bc8c75ac4ee530618b3767aa098') in 0.026279 seconds 
========================================================================
Received Import Request.
  Time since last request: 0.000018 seconds.
  path: Assets/sprites/Leaves 1.png
  artifactKey: Guid(43dc9625cb2db2447b6233405d801dc6) Importer(815301076,1909f56bfc062723c751e8b465ee728b)
Start importing Assets/sprites/Leaves 1.png using Guid(43dc9625cb2db2447b6233405d801dc6) Importer(815301076,1909f56bfc062723c751e8b465ee728b)  -> (artifact id: '4f8f2cf782d55c3ba381e47e0cdb039c') in 0.020911 seconds 
========================================================================
Received Import Request.
  Time since last request: 0.000028 seconds.
  path: Assets/sprites/soil.png
  artifactKey: Guid(345ff30bc8bac4c4b8184b8e63840182) Importer(815301076,1909f56bfc062723c751e8b465ee728b)
Start importing Assets/sprites/soil.png using Guid(345ff30bc8bac4c4b8184b8e63840182) Importer(815301076,1909f56bfc062723c751e8b465ee728b)  -> (artifact id: '83f625183c9eeb90a7b4cfe0132bee50') in 0.016260 seconds 
========================================================================
Received Import Request.
  Time since last request: 0.000027 seconds.
  path: Assets/sprites/bg for game.png
  artifactKey: Guid(36bea71dfba73494498a318f5d7760dc) Importer(815301076,1909f56bfc062723c751e8b465ee728b)
Start importing Assets/sprites/bg for game.png using Guid(36bea71dfba73494498a318f5d7760dc) Importer(815301076,1909f56bfc062723c751e8b465ee728b)  -> (artifact id: 'd3cc57625967cf72947c46470196b4ea') in 0.035711 seconds 
========================================================================
Received Import Request.
  Time since last request: 0.000018 seconds.
  path: Assets/sprites/anim step 1 player.png
  artifactKey: Guid(c2d8df15af5091048a92fa4288f024f1) Importer(815301076,1909f56bfc062723c751e8b465ee728b)
Start importing Assets/sprites/anim step 1 player.png using Guid(c2d8df15af5091048a92fa4288f024f1) Importer(815301076,1909f56bfc062723c751e8b465ee728b)  -> (artifact id: '9248ae9f801853596a03c4a440886934') in 0.013504 seconds 
========================================================================
Received Import Request.
  Time since last request: 0.000031 seconds.
  path: Assets/sprites/cloud1.png
  artifactKey: Guid(334fbb39620324840accfa4eee596cf9) Importer(815301076,1909f56bfc062723c751e8b465ee728b)
Start importing Assets/sprites/cloud1.png using Guid(334fbb39620324840accfa4eee596cf9) Importer(815301076,1909f56bfc062723c751e8b465ee728b)  -> (artifact id: '410834cf213c8eb6bd2d30717ef80b75') in 0.013612 seconds 
========================================================================
Received Import Request.
  Time since last request: 0.000018 seconds.
  path: Assets/sprites/Leaves 3.png
  artifactKey: Guid(82d28cdd8b1c74d47876079eb3f33acd) Importer(815301076,1909f56bfc062723c751e8b465ee728b)
Start importing Assets/sprites/Leaves 3.png using Guid(82d28cdd8b1c74d47876079eb3f33acd) Importer(815301076,1909f56bfc062723c751e8b465ee728b)  -> (artifact id: 'ba1072ab776e6ad13432b1a378cf7ecb') in 0.013794 seconds 
========================================================================
Received Import Request.
  Time since last request: 0.000021 seconds.
  path: Assets/sprites/mobile platform.png
  artifactKey: Guid(234297618a8f3ab4e8b862de13e296ba) Importer(815301076,1909f56bfc062723c751e8b465ee728b)
Start importing Assets/sprites/mobile platform.png using Guid(234297618a8f3ab4e8b862de13e296ba) Importer(815301076,1909f56bfc062723c751e8b465ee728b)  -> (artifact id: 'fe0e55853fb2b6d54b06c376dc20a0fe') in 0.013075 seconds 
========================================================================
Received Import Request.
  Time since last request: 0.000026 seconds.
  path: Assets/sprites/anim step 3 player.png
  artifactKey: Guid(541394cd3ec5a9f47b7769a065757204) Importer(815301076,1909f56bfc062723c751e8b465ee728b)
Start importing Assets/sprites/anim step 3 player.png using Guid(541394cd3ec5a9f47b7769a065757204) Importer(815301076,1909f56bfc062723c751e8b465ee728b)  -> (artifact id: 'ab26709fe316a1859b05c2693736772a') in 0.012730 seconds 
========================================================================
Received Import Request.
  Time since last request: 0.000020 seconds.
  path: Assets/sprites/floorforedjeoftheforest.png
  artifactKey: Guid(13617a8585faad341a1e1ff4503595aa) Importer(815301076,1909f56bfc062723c751e8b465ee728b)
Start importing Assets/sprites/floorforedjeoftheforest.png using Guid(13617a8585faad341a1e1ff4503595aa) Importer(815301076,1909f56bfc062723c751e8b465ee728b)  -> (artifact id: '07c27c8a2819e3d61e2af929d9f734dc') in 0.014971 seconds 
========================================================================
Received Import Request.
  Time since last request: 0.000020 seconds.
  path: Assets/sprites/house of forester.png
  artifactKey: Guid(2c4d95d27c7e5974a959b77f06ff85a1) Importer(815301076,1909f56bfc062723c751e8b465ee728b)
Start importing Assets/sprites/house of forester.png using Guid(2c4d95d27c7e5974a959b77f06ff85a1) Importer(815301076,1909f56bfc062723c751e8b465ee728b)  -> (artifact id: '00b02ed4ce55622c09c9bc2d9a8520de') in 0.012768 seconds 
========================================================================
Received Import Request.
  Time since last request: 0.000022 seconds.
  path: Assets/sprites/bg n2.png
  artifactKey: Guid(72bba290ebd9b904cbe25ef6f8f51f1a) Importer(815301076,1909f56bfc062723c751e8b465ee728b)
Start importing Assets/sprites/bg n2.png using Guid(72bba290ebd9b904cbe25ef6f8f51f1a) Importer(815301076,1909f56bfc062723c751e8b465ee728b)  -> (artifact id: '27552a61c97e994172f610df1ea269c7') in 0.013802 seconds 
========================================================================
Received Import Request.
  Time since last request: 0.000019 seconds.
  path: Assets/sprites/rails.png
  artifactKey: Guid(ed66735d74d026040a6f79ceec456474) Importer(815301076,1909f56bfc062723c751e8b465ee728b)
Start importing Assets/sprites/rails.png using Guid(ed66735d74d026040a6f79ceec456474) Importer(815301076,1909f56bfc062723c751e8b465ee728b)  -> (artifact id: '343d767ae472b85bda58e3533104b59f') in 0.014117 seconds 
========================================================================
Received Import Request.
  Time since last request: 0.000019 seconds.
  path: Assets/sprites/platform call button.png
  artifactKey: Guid(fdab1289a172d0f4fa7c7c2caffd309a) Importer(815301076,1909f56bfc062723c751e8b465ee728b)
Start importing Assets/sprites/platform call button.png using Guid(fdab1289a172d0f4fa7c7c2caffd309a) Importer(815301076,1909f56bfc062723c751e8b465ee728b)  -> (artifact id: 'b378a1a670c12088af9b8f3e9e127427') in 0.014624 seconds 
========================================================================
Received Import Request.
  Time since last request: 0.000019 seconds.
  path: Assets/sprites/platformfortheedje.png
  artifactKey: Guid(57fdcc4dfa146aa4c85d7174a8950f64) Importer(815301076,1909f56bfc062723c751e8b465ee728b)
Start importing Assets/sprites/platformfortheedje.png using Guid(57fdcc4dfa146aa4c85d7174a8950f64) Importer(815301076,1909f56bfc062723c751e8b465ee728b)  -> (artifact id: '208222cde173ed4e892421028f16b038') in 0.014622 seconds 
========================================================================
Received Import Request.
  Time since last request: 0.000020 seconds.
  path: Assets/sprites/leafes.png
  artifactKey: Guid(e000266f31cc2e844a4aa6403d19d5e1) Importer(815301076,1909f56bfc062723c751e8b465ee728b)
Start importing Assets/sprites/leafes.png using Guid(e000266f31cc2e844a4aa6403d19d5e1) Importer(815301076,1909f56bfc062723c751e8b465ee728b)  -> (artifact id: 'f177a5d1a2e0591d807f607afa223405') in 0.158105 seconds 
========================================================================
Received Import Request.
  Time since last request: 0.000029 seconds.
  path: Assets/sprites/background underthefloor2.png
  artifactKey: Guid(ae4cbd7e59f576749b3bde1b4fcbf3a7) Importer(815301076,1909f56bfc062723c751e8b465ee728b)
Start importing Assets/sprites/background underthefloor2.png using Guid(ae4cbd7e59f576749b3bde1b4fcbf3a7) Importer(815301076,1909f56bfc062723c751e8b465ee728b)  -> (artifact id: '204d4f6f3866ecc417483b6bb54251d6') in 0.043464 seconds 
========================================================================
Received Import Request.
  Time since last request: 0.000027 seconds.
  path: Assets/sprites/bg 3.png
  artifactKey: Guid(e330d0ee72f9c704fbd00c56e963851f) Importer(815301076,1909f56bfc062723c751e8b465ee728b)
Start importing Assets/sprites/bg 3.png using Guid(e330d0ee72f9c704fbd00c56e963851f) Importer(815301076,1909f56bfc062723c751e8b465ee728b)  -> (artifact id: '35f35b2304b03d0af5aa739a1394c1b3') in 0.014635 seconds 
========================================================================
Received Import Request.
  Time since last request: 0.000023 seconds.
  path: Assets/sprites/anim step 2 player.png
  artifactKey: Guid(0e7cf3f385669d345b985f7dea008ba7) Importer(815301076,1909f56bfc062723c751e8b465ee728b)
Start importing Assets/sprites/anim step 2 player.png using Guid(0e7cf3f385669d345b985f7dea008ba7) Importer(815301076,1909f56bfc062723c751e8b465ee728b)  -> (artifact id: '316edac66d009e55166efab81dce903c') in 0.015006 seconds 
========================================================================
Received Import Request.
  Time since last request: 0.000023 seconds.
  path: Assets/sprites/grass.png
  artifactKey: Guid(cd1cba2c2058a6348a43eec804e5e48e) Importer(815301076,1909f56bfc062723c751e8b465ee728b)
Start importing Assets/sprites/grass.png using Guid(cd1cba2c2058a6348a43eec804e5e48e) Importer(815301076,1909f56bfc062723c751e8b465ee728b)  -> (artifact id: 'a2902a673d3c082dfe8e33384e8507e1') in 0.098923 seconds 
========================================================================
Received Import Request.
  Time since last request: 82.550263 seconds.
  path: Assets/sprites/enemyant.png
  artifactKey: Guid(f1281ff58dd21c14e8cdb9cb2bcdbb73) Importer(815301076,1909f56bfc062723c751e8b465ee728b)
Start importing Assets/sprites/enemyant.png using Guid(f1281ff58dd21c14e8cdb9cb2bcdbb73) Importer(815301076,1909f56bfc062723c751e8b465ee728b)  -> (artifact id: '1a4a96262b79be935188e76ae78aea1b') in 0.014370 seconds 
========================================================================
Received Import Request.
  Time since last request: 14.729306 seconds.
  path: Assets/sprites/Anthill.png
  artifactKey: Guid(d2d28bf94d00fc249949388b884f2a75) Importer(815301076,1909f56bfc062723c751e8b465ee728b)
Start importing Assets/sprites/Anthill.png using Guid(d2d28bf94d00fc249949388b884f2a75) Importer(815301076,1909f56bfc062723c751e8b465ee728b)  -> (artifact id: '05b288c5a7a4132c730ba9782eededcf') in 0.011640 seconds 
========================================================================
Received Import Request.
  Time since last request: 31.033166 seconds.
  path: Assets/sprites/Anthill.png
  artifactKey: Guid(d2d28bf94d00fc249949388b884f2a75) Importer(815301076,1909f56bfc062723c751e8b465ee728b)
Start importing Assets/sprites/Anthill.png using Guid(d2d28bf94d00fc249949388b884f2a75) Importer(815301076,1909f56bfc062723c751e8b465ee728b)  -> (artifact id: '5f4701347cccb629835a319f50d12e0c') in 0.008012 seconds 
========================================================================
Received Import Request.
  Time since last request: 28.791043 seconds.
  path: Assets/sprites/enemyant.png
  artifactKey: Guid(f1281ff58dd21c14e8cdb9cb2bcdbb73) Importer(815301076,1909f56bfc062723c751e8b465ee728b)
Start importing Assets/sprites/enemyant.png using Guid(f1281ff58dd21c14e8cdb9cb2bcdbb73) Importer(815301076,1909f56bfc062723c751e8b465ee728b)  -> (artifact id: 'e4fcbd0cdaf8d091e656435bc2926f0f') in 0.009669 seconds 
